% mean class accuracy (train set)	
 7.6550e+01	
 8.9800e+01	
 9.2150e+01	
 9.3650e+01	
 9.4950e+01	
 9.5650e+01	
 9.6250e+01	
 9.6350e+01	
 9.6800e+01	
 9.7200e+01	
 9.7300e+01	
 9.7650e+01	
 9.7900e+01	
 9.8000e+01	
 9.8050e+01	
 9.8050e+01	
 9.8050e+01	
 9.8050e+01	
 9.8200e+01	
 9.8300e+01	
 9.8350e+01	
 9.8400e+01	
 9.8400e+01	
 9.8500e+01	
 9.8500e+01	
 9.8500e+01	
 9.8500e+01	
 9.8450e+01	
 9.8500e+01	
 9.8550e+01	
 9.8550e+01	
 9.8550e+01	
 9.8500e+01	
 9.8550e+01	
 9.8500e+01	
 9.8500e+01	
 9.8500e+01	
 9.8500e+01	
 9.8450e+01	
 9.8450e+01	
 9.8450e+01	
 9.8450e+01	
 9.8500e+01	
 9.8500e+01	
 9.8500e+01	
 9.8500e+01	
 9.8450e+01	
 9.8500e+01	
 9.8550e+01	
 9.8450e+01	
 9.8500e+01	
 9.8450e+01	
 9.8450e+01	
 9.8450e+01	
 9.8450e+01	
 9.8450e+01	
 9.8500e+01	
 9.8500e+01	
 9.8500e+01	
 9.8500e+01	
 9.8450e+01	
 9.8450e+01	
 9.8450e+01	
 9.8500e+01	
 9.8500e+01	
 9.8550e+01	
 9.8600e+01	
 9.8600e+01	
 9.8600e+01	
 9.8600e+01	
 9.8600e+01	
 9.8600e+01	
 9.8600e+01	
 9.8600e+01	
 9.8650e+01	
 9.8650e+01	
 9.8650e+01	
 9.8650e+01	
 9.8650e+01	
 9.8650e+01	
 9.8650e+01	
 9.8650e+01	
 9.8650e+01	
 9.8650e+01	
 9.8650e+01	
 9.8650e+01	
 9.8650e+01	
 9.8650e+01	
 9.8650e+01	
 9.8700e+01	
 9.8650e+01	
 9.8650e+01	
 9.8650e+01	
 9.8650e+01	
 9.8650e+01	
 9.8650e+01	
 9.8650e+01	
 9.8650e+01	
 9.8650e+01	
 9.8650e+01	
 9.8650e+01	
 9.8650e+01	
 9.8650e+01	
 9.8650e+01	
 9.8650e+01	
 9.8650e+01	
 9.8600e+01	
 9.8600e+01	
 9.8600e+01	
 9.8600e+01	
 9.8600e+01	
 9.8600e+01	
 9.8600e+01	
 9.8600e+01	
 9.8600e+01	
 9.8600e+01	
 9.8600e+01	
 9.8600e+01	
 9.8600e+01	
 9.8600e+01	
 9.8600e+01	
 9.8600e+01	
 9.8600e+01	
 9.8600e+01	
 9.8600e+01	
 9.8600e+01	
 9.8600e+01	
 9.8600e+01	
 9.8600e+01	
 9.8600e+01	
 9.8600e+01	
 9.8600e+01	
